

*******************************************************************************
Wed Jan 29 21:11:17 2020


FIT:    data read from "derivative_test.dat" using ($1):($2)
        format = x:z
        x range restricted to [-8.00000 : -1.00000]
        #datapoints = 24
        residuals are weighted equally (unit weight)

function used for fitting: f1(x)
	f1(x) = a1*x + b1
fitted parameters initialized with current variable values

iter      chisq       delta/lim  lambda   a1            b1           
   0 4.0946209373e+01   0.00e+00  3.55e+00    1.000000e+00   1.000000e+00
   4 2.9032681466e-03  -1.06e-02  3.55e-04    1.001881e+00  -2.977277e-01

After 4 iterations the fit converged.
final sum of squares of residuals : 0.00290327
rel. change during last iteration : -1.05728e-07

degrees of freedom    (FIT_NDF)                        : 22
rms of residuals      (FIT_STDFIT) = sqrt(WSSR/ndf)    : 0.0114877
variance of residuals (reduced chisquare) = WSSR/ndf   : 0.000131967

Final set of parameters            Asymptotic Standard Error
=======================            ==========================
a1              = 1.00188          +/- 0.001125     (0.1123%)
b1              = -0.297728        +/- 0.005542     (1.861%)

correlation matrix of the fit parameters:
                a1     b1     
a1              1.000 
b1              0.906  1.000 


*******************************************************************************
Wed Jan 29 21:11:41 2020


FIT:    data read from "derivative_test.dat" using ($1):($2)
        format = x:z
        x range restricted to [-8.00000 : -1.00000]
        #datapoints = 24
        residuals are weighted equally (unit weight)

function used for fitting: f1(x)
	f1(x) = a1*x + b1
fitted parameters initialized with current variable values

iter      chisq       delta/lim  lambda   a1            b1           
   0 2.9032681466e-03   0.00e+00  3.50e+00    1.001881e+00  -2.977277e-01
   1 2.9032681466e-03  -1.28e-09  3.50e-01    1.001881e+00  -2.977277e-01

After 1 iterations the fit converged.
final sum of squares of residuals : 0.00290327
rel. change during last iteration : -1.28464e-14

degrees of freedom    (FIT_NDF)                        : 22
rms of residuals      (FIT_STDFIT) = sqrt(WSSR/ndf)    : 0.0114877
variance of residuals (reduced chisquare) = WSSR/ndf   : 0.000131967

Final set of parameters            Asymptotic Standard Error
=======================            ==========================
a1              = 1.00188          +/- 0.001125     (0.1123%)
b1              = -0.297728        +/- 0.005542     (1.861%)

correlation matrix of the fit parameters:
                a1     b1     
a1              1.000 
b1              0.906  1.000 


*******************************************************************************
Wed Jan 29 21:11:41 2020


FIT:    data read from "derivative_test.dat" using ($1):($3)
        format = x:z
        x range restricted to [-8.00000 : -1.00000]
        #datapoints = 24
        residuals are weighted equally (unit weight)

function used for fitting: f2(x)
	f2(x) = a2*x + b2
fitted parameters initialized with current variable values

iter      chisq       delta/lim  lambda   a2            b2           
   0 6.0487435786e+02   0.00e+00  3.55e+00    1.000000e+00   1.000000e+00
   4 5.4750924743e+01  -1.10e-05  3.55e-04    7.871113e-01  -4.716953e+00

After 4 iterations the fit converged.
final sum of squares of residuals : 54.7509
rel. change during last iteration : -1.10371e-10

degrees of freedom    (FIT_NDF)                        : 22
rms of residuals      (FIT_STDFIT) = sqrt(WSSR/ndf)    : 1.57755
variance of residuals (reduced chisquare) = WSSR/ndf   : 2.48868

Final set of parameters            Asymptotic Standard Error
=======================            ==========================
a2              = 0.787111         +/- 0.1545       (19.63%)
b2              = -4.71695         +/- 0.761        (16.13%)

correlation matrix of the fit parameters:
                a2     b2     
a2              1.000 
b2              0.906  1.000 


*******************************************************************************
Wed Jan 29 21:11:42 2020


FIT:    data read from "derivative_test.dat" using ($1):($4)
        format = x:z
        x range restricted to [-8.00000 : -1.00000]
        #datapoints = 24
        residuals are weighted equally (unit weight)

function used for fitting: f3(x)
	f3(x) = a3*x + b3
fitted parameters initialized with current variable values

iter      chisq       delta/lim  lambda   a3            b3           
   0 1.4052027084e+03   0.00e+00  3.55e+00    1.000000e+00   1.000000e+00
   4 4.5000321955e+01  -7.45e-05  3.55e-04   -4.309910e-01  -1.229742e+01

After 4 iterations the fit converged.
final sum of squares of residuals : 45.0003
rel. change during last iteration : -7.4544e-10

degrees of freedom    (FIT_NDF)                        : 22
rms of residuals      (FIT_STDFIT) = sqrt(WSSR/ndf)    : 1.4302
variance of residuals (reduced chisquare) = WSSR/ndf   : 2.04547

Final set of parameters            Asymptotic Standard Error
=======================            ==========================
a3              = -0.430991        +/- 0.1401       (32.51%)
b3              = -12.2974         +/- 0.6899       (5.61%)

correlation matrix of the fit parameters:
                a3     b3     
a3              1.000 
b3              0.906  1.000 


*******************************************************************************
Wed Jan 29 21:12:52 2020


FIT:    data read from "derivative_test.dat" using ($1):($2)
        format = x:z
        x range restricted to [-8.00000 : -1.00000]
        #datapoints = 24
        residuals are weighted equally (unit weight)

function used for fitting: f1(x)
	f1(x) = a1*x + b1
fitted parameters initialized with current variable values

iter      chisq       delta/lim  lambda   a1            b1           
   0 2.9032681466e-03   0.00e+00  3.50e+00    1.001881e+00  -2.977277e-01
   1 2.9032681466e-03  -9.41e-10  3.50e-01    1.001881e+00  -2.977277e-01

After 1 iterations the fit converged.
final sum of squares of residuals : 0.00290327
rel. change during last iteration : -9.41074e-15

degrees of freedom    (FIT_NDF)                        : 22
rms of residuals      (FIT_STDFIT) = sqrt(WSSR/ndf)    : 0.0114877
variance of residuals (reduced chisquare) = WSSR/ndf   : 0.000131967

Final set of parameters            Asymptotic Standard Error
=======================            ==========================
a1              = 1.00188          +/- 0.001125     (0.1123%)
b1              = -0.297728        +/- 0.005542     (1.861%)

correlation matrix of the fit parameters:
                a1     b1     
a1              1.000 
b1              0.906  1.000 


*******************************************************************************
Wed Jan 29 21:12:52 2020


FIT:    data read from "derivative_test.dat" using ($1):($3)
        format = x:z
        x range restricted to [-8.00000 : -1.00000]
        #datapoints = 24
        residuals are weighted equally (unit weight)

function used for fitting: f2(x)
	f2(x) = a2*x + b2
fitted parameters initialized with current variable values

iter      chisq       delta/lim  lambda   a2            b2           
   0 5.4750924743e+01   0.00e+00  4.32e+00    7.871113e-01  -4.716953e+00
   1 5.4750924743e+01   0.00e+00  4.32e+03    7.871113e-01  -4.716953e+00

After 1 iterations the fit converged.
final sum of squares of residuals : 54.7509
rel. change during last iteration : 0

degrees of freedom    (FIT_NDF)                        : 22
rms of residuals      (FIT_STDFIT) = sqrt(WSSR/ndf)    : 1.57755
variance of residuals (reduced chisquare) = WSSR/ndf   : 2.48868

Final set of parameters            Asymptotic Standard Error
=======================            ==========================
a2              = 0.787111         +/- 0.1545       (19.63%)
b2              = -4.71695         +/- 0.761        (16.13%)

correlation matrix of the fit parameters:
                a2     b2     
a2              1.000 
b2              0.906  1.000 


*******************************************************************************
Wed Jan 29 21:12:52 2020


FIT:    data read from "derivative_test.dat" using ($1):($4)
        format = x:z
        x range restricted to [-8.00000 : -1.00000]
        #datapoints = 24
        residuals are weighted equally (unit weight)

function used for fitting: f3(x)
	f3(x) = a3*x + b3
fitted parameters initialized with current variable values

iter      chisq       delta/lim  lambda   a3            b3           
   0 4.5000321955e+01   0.00e+00  8.82e+00   -4.309910e-01  -1.229742e+01
   1 4.5000321955e+01  -1.58e-11  8.82e+01   -4.309910e-01  -1.229742e+01

After 1 iterations the fit converged.
final sum of squares of residuals : 45.0003
rel. change during last iteration : -1.57897e-16

degrees of freedom    (FIT_NDF)                        : 22
rms of residuals      (FIT_STDFIT) = sqrt(WSSR/ndf)    : 1.4302
variance of residuals (reduced chisquare) = WSSR/ndf   : 2.04547

Final set of parameters            Asymptotic Standard Error
=======================            ==========================
a3              = -0.430991        +/- 0.1401       (32.51%)
b3              = -12.2974         +/- 0.6899       (5.61%)

correlation matrix of the fit parameters:
                a3     b3     
a3              1.000 
b3              0.906  1.000 


*******************************************************************************
Wed Jan 29 21:13:13 2020


FIT:    data read from "derivative_test.dat" using ($1):($2)
        format = x:z
        x range restricted to [-8.00000 : -1.00000]
        #datapoints = 24
        residuals are weighted equally (unit weight)

function used for fitting: f1(x)
	f1(x) = a1*x + b1
fitted parameters initialized with current variable values

iter      chisq       delta/lim  lambda   a1            b1           
   0 2.9032681466e-03   0.00e+00  3.50e+00    1.001881e+00  -2.977277e-01
   1 2.9032681466e-03  -1.02e-09  3.50e-01    1.001881e+00  -2.977277e-01

After 1 iterations the fit converged.
final sum of squares of residuals : 0.00290327
rel. change during last iteration : -1.01576e-14

degrees of freedom    (FIT_NDF)                        : 22
rms of residuals      (FIT_STDFIT) = sqrt(WSSR/ndf)    : 0.0114877
variance of residuals (reduced chisquare) = WSSR/ndf   : 0.000131967

Final set of parameters            Asymptotic Standard Error
=======================            ==========================
a1              = 1.00188          +/- 0.001125     (0.1123%)
b1              = -0.297728        +/- 0.005542     (1.861%)

correlation matrix of the fit parameters:
                a1     b1     
a1              1.000 
b1              0.906  1.000 


*******************************************************************************
Wed Jan 29 21:13:13 2020


FIT:    data read from "derivative_test.dat" using ($1):($3)
        format = x:z
        x range restricted to [-5.00000 : -1.00000]
        #datapoints = 14
        residuals are weighted equally (unit weight)

function used for fitting: f2(x)
	f2(x) = a2*x + b2
fitted parameters initialized with current variable values

iter      chisq       delta/lim  lambda   a2            b2           
   0 3.1025452153e+01   0.00e+00  3.78e+00    7.871113e-01  -4.716953e+00
   4 9.2591078839e-03  -4.00e-04  3.78e-04    1.996831e+00  -1.386078e+00

After 4 iterations the fit converged.
final sum of squares of residuals : 0.00925911
rel. change during last iteration : -4.00452e-09

degrees of freedom    (FIT_NDF)                        : 12
rms of residuals      (FIT_STDFIT) = sqrt(WSSR/ndf)    : 0.0277776
variance of residuals (reduced chisquare) = WSSR/ndf   : 0.000771592

Final set of parameters            Asymptotic Standard Error
=======================            ==========================
a2              = 1.99683          +/- 0.006118     (0.3064%)
b2              = -1.38608         +/- 0.01955      (1.411%)

correlation matrix of the fit parameters:
                a2     b2     
a2              1.000 
b2              0.925  1.000 


*******************************************************************************
Wed Jan 29 21:13:13 2020


FIT:    data read from "derivative_test.dat" using ($1):($4)
        format = x:z
        x range restricted to [-2.00000 : -1.00000]
        #datapoints = 4
        residuals are weighted equally (unit weight)

function used for fitting: f3(x)
	f3(x) = a3*x + b3
fitted parameters initialized with current variable values

iter      chisq       delta/lim  lambda   a3            b3           
   0 2.4582177497e+01   0.00e+00  8.71e+00   -4.309910e-01  -1.229742e+01
   6 6.7829531384e-06  -9.88e-08  8.71e-06    4.004970e+00  -3.879392e+00

After 6 iterations the fit converged.
final sum of squares of residuals : 6.78295e-06
rel. change during last iteration : -9.88399e-13

degrees of freedom    (FIT_NDF)                        : 2
rms of residuals      (FIT_STDFIT) = sqrt(WSSR/ndf)    : 0.0018416
variance of residuals (reduced chisquare) = WSSR/ndf   : 3.39148e-06

Final set of parameters            Asymptotic Standard Error
=======================            ==========================
a3              = 4.00497          +/- 0.002736     (0.06831%)
b3              = -3.87939         +/- 0.004077     (0.1051%)

correlation matrix of the fit parameters:
                a3     b3     
a3              1.000 
b3              0.974  1.000 


*******************************************************************************
Wed Jan 29 21:22:27 2020


FIT:    data read from "derivative_test.dat" using ($1):($2)
        format = x:z
        x range restricted to [-8.00000 : -1.00000]
        #datapoints = 24
        residuals are weighted equally (unit weight)

function used for fitting: f1(x)
	f1(x) = a1*x + b1
fitted parameters initialized with current variable values

iter      chisq       delta/lim  lambda   a1            b1           
   0 2.9032681466e-03   0.00e+00  3.50e+00    1.001881e+00  -2.977277e-01
   1 2.9032681466e-03   0.00e+00  3.50e+02    1.001881e+00  -2.977277e-01

After 1 iterations the fit converged.
final sum of squares of residuals : 0.00290327
rel. change during last iteration : 0

degrees of freedom    (FIT_NDF)                        : 22
rms of residuals      (FIT_STDFIT) = sqrt(WSSR/ndf)    : 0.0114877
variance of residuals (reduced chisquare) = WSSR/ndf   : 0.000131967

Final set of parameters            Asymptotic Standard Error
=======================            ==========================
a1              = 1.00188          +/- 0.001125     (0.1123%)
b1              = -0.297728        +/- 0.005542     (1.861%)

correlation matrix of the fit parameters:
                a1     b1     
a1              1.000 
b1              0.906  1.000 


*******************************************************************************
Wed Jan 29 21:22:27 2020


FIT:    data read from "derivative_test.dat" using ($1):($3)
        format = x:z
        x range restricted to [-5.00000 : -1.00000]
        #datapoints = 14
        residuals are weighted equally (unit weight)

function used for fitting: f2(x)
	f2(x) = a2*x + b2
fitted parameters initialized with current variable values

iter      chisq       delta/lim  lambda   a2            b2           
   0 9.2591078839e-03   0.00e+00  4.62e+00    1.996831e+00  -1.386078e+00
   1 9.2591078839e-03   0.00e+00  4.62e+02    1.996831e+00  -1.386078e+00

After 1 iterations the fit converged.
final sum of squares of residuals : 0.00925911
rel. change during last iteration : 0

degrees of freedom    (FIT_NDF)                        : 12
rms of residuals      (FIT_STDFIT) = sqrt(WSSR/ndf)    : 0.0277776
variance of residuals (reduced chisquare) = WSSR/ndf   : 0.000771592

Final set of parameters            Asymptotic Standard Error
=======================            ==========================
a2              = 1.99683          +/- 0.006118     (0.3064%)
b2              = -1.38608         +/- 0.01955      (1.411%)

correlation matrix of the fit parameters:
                a2     b2     
a2              1.000 
b2              0.925  1.000 


*******************************************************************************
Wed Jan 29 21:22:27 2020


FIT:    data read from "derivative_test.dat" using ($1):($4)
        format = x:z
        x range restricted to [-2.00000 : -1.00000]
        #datapoints = 4
        residuals are weighted equally (unit weight)

function used for fitting: f3(x)
	f3(x) = a3*x + b3
fitted parameters initialized with current variable values

iter      chisq       delta/lim  lambda   a3            b3           
   0 6.7829531384e-06   0.00e+00  5.03e+00    4.004970e+00  -3.879392e+00
   1 6.7829531384e-06   0.00e+00  5.03e-01    4.004970e+00  -3.879392e+00

After 1 iterations the fit converged.
final sum of squares of residuals : 6.78295e-06
rel. change during last iteration : 0

degrees of freedom    (FIT_NDF)                        : 2
rms of residuals      (FIT_STDFIT) = sqrt(WSSR/ndf)    : 0.0018416
variance of residuals (reduced chisquare) = WSSR/ndf   : 3.39148e-06

Final set of parameters            Asymptotic Standard Error
=======================            ==========================
a3              = 4.00497          +/- 0.002736     (0.06831%)
b3              = -3.87939         +/- 0.004077     (0.1051%)

correlation matrix of the fit parameters:
                a3     b3     
a3              1.000 
b3              0.974  1.000 


*******************************************************************************
Wed Jan 29 22:02:55 2020


FIT:    data read from "derivative_test.dat" using ($1):($2)
        format = x:z
        x range restricted to [-8.00000 : -1.00000]
        #datapoints = 24
        residuals are weighted equally (unit weight)

function used for fitting: f1(x)
	f1(x) = a1*x + b1
fitted parameters initialized with current variable values

iter      chisq       delta/lim  lambda   a1            b1           
   0 6.3266052435e+01   0.00e+00  3.55e+00    1.000000e+00   1.000000e+00
   4 1.2197090105e-01  -3.63e-04  3.55e-04    1.013735e+00  -5.605031e-01

After 4 iterations the fit converged.
final sum of squares of residuals : 0.121971
rel. change during last iteration : -3.6291e-09

degrees of freedom    (FIT_NDF)                        : 22
rms of residuals      (FIT_STDFIT) = sqrt(WSSR/ndf)    : 0.0744589
variance of residuals (reduced chisquare) = WSSR/ndf   : 0.00554413

Final set of parameters            Asymptotic Standard Error
=======================            ==========================
a1              = 1.01373          +/- 0.007294     (0.7195%)
b1              = -0.560503        +/- 0.03592      (6.408%)

correlation matrix of the fit parameters:
                a1     b1     
a1              1.000 
b1              0.906  1.000 


*******************************************************************************
Wed Jan 29 22:02:55 2020


FIT:    data read from "derivative_test.dat" using ($1):($3)
        format = x:z
        x range restricted to [-5.00000 : -1.00000]
        #datapoints = 14
        residuals are weighted equally (unit weight)

function used for fitting: f2(x)
	f2(x) = a2*x + b2
fitted parameters initialized with current variable values

iter      chisq       delta/lim  lambda   a2            b2           
   0 5.0115906950e+02   0.00e+00  2.37e+00    1.000000e+00   1.000000e+00
   4 7.3718365813e-01  -8.60e-05  2.37e-04    1.913627e+00  -2.173653e+00

After 4 iterations the fit converged.
final sum of squares of residuals : 0.737184
rel. change during last iteration : -8.59835e-10

degrees of freedom    (FIT_NDF)                        : 12
rms of residuals      (FIT_STDFIT) = sqrt(WSSR/ndf)    : 0.247855
variance of residuals (reduced chisquare) = WSSR/ndf   : 0.061432

Final set of parameters            Asymptotic Standard Error
=======================            ==========================
a2              = 1.91363          +/- 0.05459      (2.853%)
b2              = -2.17365         +/- 0.1745       (8.026%)

correlation matrix of the fit parameters:
                a2     b2     
a2              1.000 
b2              0.925  1.000 


*******************************************************************************
Wed Jan 29 22:02:55 2020


FIT:    data read from "derivative_test.dat" using ($1):($4)
        format = x:z
        x range restricted to [-2.00000 : -1.00000]
        #datapoints = 4
        residuals are weighted equally (unit weight)

function used for fitting: f3(x)
	f3(x) = a3*x + b3
fitted parameters initialized with current variable values

iter      chisq       delta/lim  lambda   a3            b3           
   0 3.4763632376e+02   0.00e+00  1.27e+00    1.000000e+00   1.000000e+00
   5 1.8646213374e-07  -1.48e-06  1.27e-05    3.999869e+00  -3.913225e+00

After 5 iterations the fit converged.
final sum of squares of residuals : 1.86462e-07
rel. change during last iteration : -1.47626e-11

degrees of freedom    (FIT_NDF)                        : 2
rms of residuals      (FIT_STDFIT) = sqrt(WSSR/ndf)    : 0.000305338
variance of residuals (reduced chisquare) = WSSR/ndf   : 9.32311e-08

Final set of parameters            Asymptotic Standard Error
=======================            ==========================
a3              = 3.99987          +/- 0.0004536    (0.01134%)
b3              = -3.91323         +/- 0.0006759    (0.01727%)

correlation matrix of the fit parameters:
                a3     b3     
a3              1.000 
b3              0.974  1.000 


*******************************************************************************
Wed Jan 29 22:06:27 2020


FIT:    data read from "derivative_test.dat" using ($1):($2)
        format = x:z
        x range restricted to [-8.00000 : -1.00000]
        #datapoints = 24
        residuals are weighted equally (unit weight)

function used for fitting: f1(x)
	f1(x) = a1*x + b1
fitted parameters initialized with current variable values

iter      chisq       delta/lim  lambda   a1            b1           
   0 3.4398997866e+02   0.00e+00  3.55e+00    1.000000e+00   1.000000e+00
   5 2.2992210911e-05  -1.50e-09  3.55e-05   -3.288453e-04  -3.029490e-01

After 5 iterations the fit converged.
final sum of squares of residuals : 2.29922e-05
rel. change during last iteration : -1.50307e-14

degrees of freedom    (FIT_NDF)                        : 22
rms of residuals      (FIT_STDFIT) = sqrt(WSSR/ndf)    : 0.0010223
variance of residuals (reduced chisquare) = WSSR/ndf   : 1.0451e-06

Final set of parameters            Asymptotic Standard Error
=======================            ==========================
a1              = -0.000328845     +/- 0.0001001    (30.45%)
b1              = -0.302949        +/- 0.0004931    (0.1628%)

correlation matrix of the fit parameters:
                a1     b1     
a1              1.000 
b1              0.906  1.000 


*******************************************************************************
Wed Jan 29 22:06:27 2020


FIT:    data read from "derivative_test.dat" using ($1):($3)
        format = x:z
        x range restricted to [-5.00000 : -1.00000]
        #datapoints = 14
        residuals are weighted equally (unit weight)

function used for fitting: f2(x)
	f2(x) = a2*x + b2
fitted parameters initialized with current variable values

iter      chisq       delta/lim  lambda   a2            b2           
   0 5.8993000882e+01   0.00e+00  2.37e+00    1.000000e+00   1.000000e+00
   5 8.2196036975e-11  -1.98e-06  2.37e-05    1.358048e-06  -3.010249e-01

After 5 iterations the fit converged.
final sum of squares of residuals : 8.2196e-11
rel. change during last iteration : -1.97957e-11

degrees of freedom    (FIT_NDF)                        : 12
rms of residuals      (FIT_STDFIT) = sqrt(WSSR/ndf)    : 2.61719e-06
variance of residuals (reduced chisquare) = WSSR/ndf   : 6.84967e-12

Final set of parameters            Asymptotic Standard Error
=======================            ==========================
a2              = 1.35805e-06      +/- 5.764e-07    (42.44%)
b2              = -0.301025        +/- 1.842e-06    (0.000612%)

correlation matrix of the fit parameters:
                a2     b2     
a2              1.000 
b2              0.925  1.000 


*******************************************************************************
Wed Jan 29 22:06:27 2020


FIT:    data read from "derivative_test.dat" using ($1):($4)
        format = x:z
        x range restricted to [-2.00000 : -1.00000]
        #datapoints = 4
        residuals are weighted equally (unit weight)

function used for fitting: f3(x)
	f3(x) = a3*x + b3
fitted parameters initialized with current variable values

iter      chisq       delta/lim  lambda   a3            b3           
   0 5.4371435215e-01   0.00e+00  1.27e+00    1.000000e+00   1.000000e+00
BREAK: Singular matrix in Invert_RtR

*******************************************************************************
Thu Jan 30 09:47:11 2020


FIT:    data read from "derivative_test.dat" using ($1):($2)
        format = x:z
        x range restricted to [-8.00000 : -1.00000]
        #datapoints = 24
        residuals are weighted equally (unit weight)

function used for fitting: f1(x)
	f1(x) = a1*x + b1
fitted parameters initialized with current variable values

iter      chisq       delta/lim  lambda   a1            b1           
   0 3.4398997866e+02   0.00e+00  3.55e+00    1.000000e+00   1.000000e+00
   5 2.2992210911e-05  -1.50e-09  3.55e-05   -3.288453e-04  -3.029490e-01

After 5 iterations the fit converged.
final sum of squares of residuals : 2.29922e-05
rel. change during last iteration : -1.50307e-14

degrees of freedom    (FIT_NDF)                        : 22
rms of residuals      (FIT_STDFIT) = sqrt(WSSR/ndf)    : 0.0010223
variance of residuals (reduced chisquare) = WSSR/ndf   : 1.0451e-06

Final set of parameters            Asymptotic Standard Error
=======================            ==========================
a1              = -0.000328845     +/- 0.0001001    (30.45%)
b1              = -0.302949        +/- 0.0004931    (0.1628%)

correlation matrix of the fit parameters:
                a1     b1     
a1              1.000 
b1              0.906  1.000 


*******************************************************************************
Thu Jan 30 09:47:11 2020


FIT:    data read from "derivative_test.dat" using ($1):($3)
        format = x:z
        x range restricted to [-5.00000 : -1.00000]
        #datapoints = 14
        residuals are weighted equally (unit weight)

function used for fitting: f2(x)
	f2(x) = a2*x + b2
fitted parameters initialized with current variable values

iter      chisq       delta/lim  lambda   a2            b2           
   0 5.8993000882e+01   0.00e+00  2.37e+00    1.000000e+00   1.000000e+00
   5 8.2196036975e-11  -1.98e-06  2.37e-05    1.358048e-06  -3.010249e-01

After 5 iterations the fit converged.
final sum of squares of residuals : 8.2196e-11
rel. change during last iteration : -1.97957e-11

degrees of freedom    (FIT_NDF)                        : 12
rms of residuals      (FIT_STDFIT) = sqrt(WSSR/ndf)    : 2.61719e-06
variance of residuals (reduced chisquare) = WSSR/ndf   : 6.84967e-12

Final set of parameters            Asymptotic Standard Error
=======================            ==========================
a2              = 1.35805e-06      +/- 5.764e-07    (42.44%)
b2              = -0.301025        +/- 1.842e-06    (0.000612%)

correlation matrix of the fit parameters:
                a2     b2     
a2              1.000 
b2              0.925  1.000 


*******************************************************************************
Thu Jan 30 09:47:11 2020


FIT:    data read from "derivative_test.dat" using ($1):($4)
        format = x:z
        x range restricted to [-2.00000 : -1.00000]
        #datapoints = 4
        residuals are weighted equally (unit weight)

function used for fitting: f3(x)
	f3(x) = a3*x + b3
fitted parameters initialized with current variable values

iter      chisq       delta/lim  lambda   a3            b3           
   0 5.4371435215e-01   0.00e+00  1.27e+00    1.000000e+00   1.000000e+00
BREAK: Singular matrix in Invert_RtR

*******************************************************************************
Thu Jan 30 09:47:46 2020


FIT:    data read from "derivative_test.dat" using ($1):($2)
        format = x:z
        x range restricted to [-8.00000 : -1.00000]
        #datapoints = 24
        residuals are weighted equally (unit weight)

function used for fitting: f1(x)
	f1(x) = a1*x + b1
fitted parameters initialized with current variable values

iter      chisq       delta/lim  lambda   a1            b1           
   0 2.2992210911e-05   0.00e+00  2.14e-01   -3.288453e-04  -3.029490e-01
   1 2.2992210911e-05   0.00e+00  2.14e-02   -3.288453e-04  -3.029490e-01

After 1 iterations the fit converged.
final sum of squares of residuals : 2.29922e-05
rel. change during last iteration : 0

degrees of freedom    (FIT_NDF)                        : 22
rms of residuals      (FIT_STDFIT) = sqrt(WSSR/ndf)    : 0.0010223
variance of residuals (reduced chisquare) = WSSR/ndf   : 1.0451e-06

Final set of parameters            Asymptotic Standard Error
=======================            ==========================
a1              = -0.000328845     +/- 0.0001001    (30.45%)
b1              = -0.302949        +/- 0.0004931    (0.1628%)

correlation matrix of the fit parameters:
                a1     b1     
a1              1.000 
b1              0.906  1.000 


*******************************************************************************
Thu Jan 30 09:47:46 2020


FIT:    data read from "derivative_test.dat" using ($1):($3)
        format = x:z
        x range restricted to [-5.00000 : -1.00000]
        #datapoints = 14
        residuals are weighted equally (unit weight)

function used for fitting: f2(x)
	f2(x) = a2*x + b2
fitted parameters initialized with current variable values

iter      chisq       delta/lim  lambda   a2            b2           
   0 8.2196036975e-11   0.00e+00  2.13e-01    1.358048e-06  -3.010249e-01
   1 8.2196036975e-11   0.00e+00  2.13e-02    1.358048e-06  -3.010249e-01

After 1 iterations the fit converged.
final sum of squares of residuals : 8.2196e-11
rel. change during last iteration : 0

degrees of freedom    (FIT_NDF)                        : 12
rms of residuals      (FIT_STDFIT) = sqrt(WSSR/ndf)    : 2.61719e-06
variance of residuals (reduced chisquare) = WSSR/ndf   : 6.84967e-12

Final set of parameters            Asymptotic Standard Error
=======================            ==========================
a2              = 1.35805e-06      +/- 5.764e-07    (42.44%)
b2              = -0.301025        +/- 1.842e-06    (0.000612%)

correlation matrix of the fit parameters:
                a2     b2     
a2              1.000 
b2              0.925  1.000 


*******************************************************************************
Thu Jan 30 09:47:46 2020


FIT:    data read from "derivative_test.dat" using ($1):($4)
        format = x:z
        x range restricted to [-2.00000 : -1.00000]
        #datapoints = 4
        residuals are weighted equally (unit weight)

function used for fitting: f3(x)
	f3(x) = a3*x + b3
fitted parameters initialized with current variable values

iter      chisq       delta/lim  lambda   a3            b3           
   0 3.6247623397e-07   0.00e+00  2.13e-01   -5.184455e-15  -3.013310e-01
BREAK: Singular matrix in Invert_RtR

*******************************************************************************
Thu Jan 30 09:48:42 2020


FIT:    data read from "derivative_test.dat" using ($1):($2)
        format = x:z
        x range restricted to [-8.00000 : -1.00000]
        #datapoints = 24
        residuals are weighted equally (unit weight)

function used for fitting: f1(x)
	f1(x) = a1*x + b1
fitted parameters initialized with current variable values

iter      chisq       delta/lim  lambda   a1            b1           
   0 2.2992210911e-05   0.00e+00  2.14e-01   -3.288453e-04  -3.029490e-01
   1 2.2992210911e-05  -2.80e-10  2.14e-02   -3.288453e-04  -3.029490e-01

After 1 iterations the fit converged.
final sum of squares of residuals : 2.29922e-05
rel. change during last iteration : -2.79984e-15

degrees of freedom    (FIT_NDF)                        : 22
rms of residuals      (FIT_STDFIT) = sqrt(WSSR/ndf)    : 0.0010223
variance of residuals (reduced chisquare) = WSSR/ndf   : 1.0451e-06

Final set of parameters            Asymptotic Standard Error
=======================            ==========================
a1              = -0.000328845     +/- 0.0001001    (30.45%)
b1              = -0.302949        +/- 0.0004931    (0.1628%)

correlation matrix of the fit parameters:
                a1     b1     
a1              1.000 
b1              0.906  1.000 


*******************************************************************************
Thu Jan 30 09:48:42 2020


FIT:    data read from "derivative_test.dat" using ($1):($3)
        format = x:z
        x range restricted to [-5.00000 : -1.00000]
        #datapoints = 14
        residuals are weighted equally (unit weight)

function used for fitting: f2(x)
	f2(x) = a2*x + b2
fitted parameters initialized with current variable values

iter      chisq       delta/lim  lambda   a2            b2           
   0 8.2196036975e-11   0.00e+00  2.13e-01    1.358048e-06  -3.010249e-01
   1 8.2196036975e-11   0.00e+00  2.13e-02    1.358048e-06  -3.010249e-01

After 1 iterations the fit converged.
final sum of squares of residuals : 8.2196e-11
rel. change during last iteration : 0

degrees of freedom    (FIT_NDF)                        : 12
rms of residuals      (FIT_STDFIT) = sqrt(WSSR/ndf)    : 2.61719e-06
variance of residuals (reduced chisquare) = WSSR/ndf   : 6.84967e-12

Final set of parameters            Asymptotic Standard Error
=======================            ==========================
a2              = 1.35805e-06      +/- 5.764e-07    (42.44%)
b2              = -0.301025        +/- 1.842e-06    (0.000612%)

correlation matrix of the fit parameters:
                a2     b2     
a2              1.000 
b2              0.925  1.000 


*******************************************************************************
Thu Jan 30 09:48:42 2020


FIT:    data read from "derivative_test.dat" using ($1):($4)
        format = x:z
        x range restricted to [-2.00000 : -1.00000]
        #datapoints = 4
        residuals are weighted equally (unit weight)

function used for fitting: f3(x)
	f3(x) = a3*x + b3
fitted parameters initialized with current variable values

iter      chisq       delta/lim  lambda   a3            b3           
   0 3.6247623397e-07   0.00e+00  2.13e-01   -5.184455e-15  -3.013310e-01
BREAK: Singular matrix in Invert_RtR

*******************************************************************************
Thu Jan 30 09:49:35 2020


FIT:    data read from "derivative_test.dat" using ($1):($2)
        format = x:z
        x range restricted to [-8.00000 : -1.00000]
        #datapoints = 24
        residuals are weighted equally (unit weight)

function used for fitting: f1(x)
	f1(x) = a1*x + b1
fitted parameters initialized with current variable values

iter      chisq       delta/lim  lambda   a1            b1           
   0 2.2992210911e-05   0.00e+00  2.14e-01   -3.288453e-04  -3.029490e-01
   1 2.2992210911e-05   0.00e+00  2.14e-01   -3.288453e-04  -3.029490e-01

After 1 iterations the fit converged.
final sum of squares of residuals : 2.29922e-05
rel. change during last iteration : 0

degrees of freedom    (FIT_NDF)                        : 22
rms of residuals      (FIT_STDFIT) = sqrt(WSSR/ndf)    : 0.0010223
variance of residuals (reduced chisquare) = WSSR/ndf   : 1.0451e-06

Final set of parameters            Asymptotic Standard Error
=======================            ==========================
a1              = -0.000328845     +/- 0.0001001    (30.45%)
b1              = -0.302949        +/- 0.0004931    (0.1628%)

correlation matrix of the fit parameters:
                a1     b1     
a1              1.000 
b1              0.906  1.000 


*******************************************************************************
Thu Jan 30 09:49:35 2020


FIT:    data read from "derivative_test.dat" using ($1):($3)
        format = x:z
        x range restricted to [-5.00000 : -1.00000]
        #datapoints = 14
        residuals are weighted equally (unit weight)

function used for fitting: f2(x)
	f2(x) = a2*x + b2
fitted parameters initialized with current variable values

iter      chisq       delta/lim  lambda   a2            b2           
   0 8.2196036975e-11   0.00e+00  2.13e-01    1.358048e-06  -3.010249e-01
   1 8.2196036975e-11   0.00e+00  2.13e-02    1.358048e-06  -3.010249e-01

After 1 iterations the fit converged.
final sum of squares of residuals : 8.2196e-11
rel. change during last iteration : 0

degrees of freedom    (FIT_NDF)                        : 12
rms of residuals      (FIT_STDFIT) = sqrt(WSSR/ndf)    : 2.61719e-06
variance of residuals (reduced chisquare) = WSSR/ndf   : 6.84967e-12

Final set of parameters            Asymptotic Standard Error
=======================            ==========================
a2              = 1.35805e-06      +/- 5.764e-07    (42.44%)
b2              = -0.301025        +/- 1.842e-06    (0.000612%)

correlation matrix of the fit parameters:
                a2     b2     
a2              1.000 
b2              0.925  1.000 


*******************************************************************************
Thu Jan 30 09:49:35 2020


FIT:    data read from "derivative_test.dat" using ($1):($4)
        format = x:z
        x range restricted to [-2.00000 : -1.00000]
        #datapoints = 4
        residuals are weighted equally (unit weight)

function used for fitting: f3(x)
	f3(x) = a3*x + b3
fitted parameters initialized with current variable values

iter      chisq       delta/lim  lambda   a3            b3           
   0 3.6247623397e-07   0.00e+00  2.13e-01   -5.184455e-15  -3.013310e-01
BREAK: Singular matrix in Invert_RtR

*******************************************************************************
Thu Jan 30 09:50:32 2020


FIT:    data read from "derivative_test.dat" using ($1):($2)
        format = x:z
        x range restricted to [-8.00000 : -1.00000]
        #datapoints = 24
        residuals are weighted equally (unit weight)

function used for fitting: f1(x)
	f1(x) = a1*x + b1
fitted parameters initialized with current variable values

iter      chisq       delta/lim  lambda   a1            b1           
   0 3.4398997866e+02   0.00e+00  3.55e+00    1.000000e+00   1.000000e+00
   5 2.2992210911e-05  -1.50e-09  3.55e-05   -3.288453e-04  -3.029490e-01

After 5 iterations the fit converged.
final sum of squares of residuals : 2.29922e-05
rel. change during last iteration : -1.50307e-14

degrees of freedom    (FIT_NDF)                        : 22
rms of residuals      (FIT_STDFIT) = sqrt(WSSR/ndf)    : 0.0010223
variance of residuals (reduced chisquare) = WSSR/ndf   : 1.0451e-06

Final set of parameters            Asymptotic Standard Error
=======================            ==========================
a1              = -0.000328845     +/- 0.0001001    (30.45%)
b1              = -0.302949        +/- 0.0004931    (0.1628%)

correlation matrix of the fit parameters:
                a1     b1     
a1              1.000 
b1              0.906  1.000 


*******************************************************************************
Thu Jan 30 09:50:32 2020


FIT:    data read from "derivative_test.dat" using ($1):($3)
        format = x:z
        x range restricted to [-5.00000 : -1.00000]
        #datapoints = 14
        residuals are weighted equally (unit weight)

function used for fitting: f2(x)
	f2(x) = a2*x + b2
fitted parameters initialized with current variable values

iter      chisq       delta/lim  lambda   a2            b2           
   0 5.8993000882e+01   0.00e+00  2.37e+00    1.000000e+00   1.000000e+00
   5 8.2196036975e-11  -1.98e-06  2.37e-05    1.358048e-06  -3.010249e-01

After 5 iterations the fit converged.
final sum of squares of residuals : 8.2196e-11
rel. change during last iteration : -1.97957e-11

degrees of freedom    (FIT_NDF)                        : 12
rms of residuals      (FIT_STDFIT) = sqrt(WSSR/ndf)    : 2.61719e-06
variance of residuals (reduced chisquare) = WSSR/ndf   : 6.84967e-12

Final set of parameters            Asymptotic Standard Error
=======================            ==========================
a2              = 1.35805e-06      +/- 5.764e-07    (42.44%)
b2              = -0.301025        +/- 1.842e-06    (0.000612%)

correlation matrix of the fit parameters:
                a2     b2     
a2              1.000 
b2              0.925  1.000 


*******************************************************************************
Thu Jan 30 09:50:32 2020


FIT:    data read from "derivative_test.dat" using ($1):($4)
        format = x:z
        x range restricted to [-2.00000 : -1.00000]
        #datapoints = 4
        residuals are weighted equally (unit weight)

function used for fitting: f3(x)
	f3(x) = a3*x + b3
fitted parameters initialized with current variable values

iter      chisq       delta/lim  lambda   a3            b3           
   0 5.4371435215e-01   0.00e+00  1.27e+00    1.000000e+00   1.000000e+00
BREAK: Singular matrix in Invert_RtR

*******************************************************************************
Thu Jan 30 09:51:45 2020


FIT:    data read from "derivative_test.dat" using ($1):($2)
        format = x:z
        x range restricted to [-8.00000 : -1.00000]
        #datapoints = 24
        residuals are weighted equally (unit weight)

function used for fitting: f1(x)
	f1(x) = a1*x + b1
fitted parameters initialized with current variable values

iter      chisq       delta/lim  lambda   a1            b1           
   0 8.5181027001e+01   0.00e+00  3.55e+00    1.000000e+00   1.000000e+00
   4 9.6194289308e-01  -7.56e-05  3.55e-04    9.732622e-01  -9.917379e-01

After 4 iterations the fit converged.
final sum of squares of residuals : 0.961943
rel. change during last iteration : -7.55817e-10

degrees of freedom    (FIT_NDF)                        : 22
rms of residuals      (FIT_STDFIT) = sqrt(WSSR/ndf)    : 0.209104
variance of residuals (reduced chisquare) = WSSR/ndf   : 0.0437247

Final set of parameters            Asymptotic Standard Error
=======================            ==========================
a1              = 0.973262         +/- 0.02048      (2.105%)
b1              = -0.991738        +/- 0.1009       (10.17%)

correlation matrix of the fit parameters:
                a1     b1     
a1              1.000 
b1              0.906  1.000 


*******************************************************************************
Thu Jan 30 09:51:45 2020


FIT:    data read from "derivative_test.dat" using ($1):($3)
        format = x:z
        x range restricted to [-5.00000 : -1.00000]
        #datapoints = 14
        residuals are weighted equally (unit weight)

function used for fitting: f2(x)
	f2(x) = a2*x + b2
fitted parameters initialized with current variable values

iter      chisq       delta/lim  lambda   a2            b2           
   0 6.0265520360e+02   0.00e+00  2.37e+00    1.000000e+00   1.000000e+00
   4 2.9824467188e+00  -3.31e-05  2.37e-04    1.872059e+00  -2.880217e+00

After 4 iterations the fit converged.
final sum of squares of residuals : 2.98245
rel. change during last iteration : -3.30677e-10

degrees of freedom    (FIT_NDF)                        : 12
rms of residuals      (FIT_STDFIT) = sqrt(WSSR/ndf)    : 0.498535
variance of residuals (reduced chisquare) = WSSR/ndf   : 0.248537

Final set of parameters            Asymptotic Standard Error
=======================            ==========================
a2              = 1.87206          +/- 0.1098       (5.865%)
b2              = -2.88022         +/- 0.3509       (12.18%)

correlation matrix of the fit parameters:
                a2     b2     
a2              1.000 
b2              0.925  1.000 


*******************************************************************************
Thu Jan 30 09:51:45 2020


FIT:    data read from "derivative_test.dat" using ($1):($4)
        format = x:z
        x range restricted to [-2.00000 : -1.00000]
        #datapoints = 4
        residuals are weighted equally (unit weight)

function used for fitting: f3(x)
	f3(x) = a3*x + b3
fitted parameters initialized with current variable values

iter      chisq       delta/lim  lambda   a3            b3           
   0 4.4467746965e+02   0.00e+00  1.27e+00    1.000000e+00   1.000000e+00
   4 2.0757072006e-03  -8.36e-01  1.27e-04    4.082087e+00  -5.018725e+00

After 4 iterations the fit converged.
final sum of squares of residuals : 0.00207571
rel. change during last iteration : -8.36066e-06

degrees of freedom    (FIT_NDF)                        : 2
rms of residuals      (FIT_STDFIT) = sqrt(WSSR/ndf)    : 0.0322157
variance of residuals (reduced chisquare) = WSSR/ndf   : 0.00103785

Final set of parameters            Asymptotic Standard Error
=======================            ==========================
a3              = 4.08209          +/- 0.04786      (1.172%)
b3              = -5.01872         +/- 0.07131      (1.421%)

correlation matrix of the fit parameters:
                a3     b3     
a3              1.000 
b3              0.974  1.000 


*******************************************************************************
Thu Jan 30 10:48:23 2020


FIT:    data read from "eigen_test.dat" using 1:2
        format = x:z
        x range restricted to [3.00000 : 6.00000]
        #datapoints = 380
        residuals are weighted equally (unit weight)

function used for fitting: f(x)
	f(x) = a*x + b
fitted parameters initialized with current variable values

iter      chisq       delta/lim  lambda   a             b            
   0 3.5630387738e+04   0.00e+00  3.75e+00    1.000000e+00   1.000000e+00
   4 1.2442166395e+01  -1.89e-04  3.75e-04    3.144074e+00  -1.961112e+01

After 4 iterations the fit converged.
final sum of squares of residuals : 12.4422
rel. change during last iteration : -1.88951e-09

degrees of freedom    (FIT_NDF)                        : 378
rms of residuals      (FIT_STDFIT) = sqrt(WSSR/ndf)    : 0.181427
variance of residuals (reduced chisquare) = WSSR/ndf   : 0.0329158

Final set of parameters            Asymptotic Standard Error
=======================            ==========================
a               = 3.14407          +/- 0.01319      (0.4196%)
b               = -19.6111         +/- 0.06862      (0.3499%)

correlation matrix of the fit parameters:
                a      b      
a               1.000 
b              -0.991  1.000 
