

*******************************************************************************
Thu Feb 27 09:51:28 2020


FIT:    data read from "integ.dat" using ($1):($3)
        format = x:z
        x range restricted to [2.00000 : 6.00000]
        #datapoints = 198
        residuals are weighted equally (unit weight)

function used for fitting: f(x)
	f(x) = a*x + b
fitted parameters initialized with current variable values

iter      chisq       delta/lim  lambda   a             b            
   0 2.0063216068e+05   0.00e+00  3.71e+00    1.000000e+00   1.000000e+00
   4 1.9670871364e-01  -1.79e-03  3.71e-04   -4.062100e+00  -4.837291e+00

After 4 iterations the fit converged.
final sum of squares of residuals : 0.196709
rel. change during last iteration : -1.78584e-08

degrees of freedom    (FIT_NDF)                        : 196
rms of residuals      (FIT_STDFIT) = sqrt(WSSR/ndf)    : 0.0316799
variance of residuals (reduced chisquare) = WSSR/ndf   : 0.00100362

Final set of parameters            Asymptotic Standard Error
=======================            ==========================
a               = -4.0621          +/- 0.002725     (0.06708%)
b               = -4.83729         +/- 0.01403      (0.29%)

correlation matrix of the fit parameters:
                a      b      
a               1.000 
b              -0.987  1.000 


*******************************************************************************
Thu Feb 27 10:00:04 2020


FIT:    data read from "integ.dat" using ($1):($3)
        format = x:z
        x range restricted to [2.00000 : 6.00000]
        #datapoints = 198
        residuals are weighted equally (unit weight)

function used for fitting: f(x)
	f(x) = a*x + b
fitted parameters initialized with current variable values

iter      chisq       delta/lim  lambda   a             b            
   0 2.0063216068e+05   0.00e+00  3.71e+00    1.000000e+00   1.000000e+00
   4 1.9670871364e-01  -1.79e-03  3.71e-04   -4.062100e+00  -4.837291e+00

After 4 iterations the fit converged.
final sum of squares of residuals : 0.196709
rel. change during last iteration : -1.78584e-08

degrees of freedom    (FIT_NDF)                        : 196
rms of residuals      (FIT_STDFIT) = sqrt(WSSR/ndf)    : 0.0316799
variance of residuals (reduced chisquare) = WSSR/ndf   : 0.00100362

Final set of parameters            Asymptotic Standard Error
=======================            ==========================
a               = -4.0621          +/- 0.002725     (0.06708%)
b               = -4.83729         +/- 0.01403      (0.29%)

correlation matrix of the fit parameters:
                a      b      
a               1.000 
b              -0.987  1.000 


*******************************************************************************
Thu Feb 27 10:01:11 2020


FIT:    data read from "integ.dat" using ($1):($3)
        format = x:z
        x range restricted to [2.00000 : 6.00000]
        #datapoints = 198
        residuals are weighted equally (unit weight)

function used for fitting: f(x)
	f(x) = a*x + b
fitted parameters initialized with current variable values

iter      chisq       delta/lim  lambda   a             b            
   0 2.0063216068e+05   0.00e+00  3.71e+00    1.000000e+00   1.000000e+00
   4 1.9670871364e-01  -1.79e-03  3.71e-04   -4.062100e+00  -4.837291e+00

After 4 iterations the fit converged.
final sum of squares of residuals : 0.196709
rel. change during last iteration : -1.78584e-08

degrees of freedom    (FIT_NDF)                        : 196
rms of residuals      (FIT_STDFIT) = sqrt(WSSR/ndf)    : 0.0316799
variance of residuals (reduced chisquare) = WSSR/ndf   : 0.00100362

Final set of parameters            Asymptotic Standard Error
=======================            ==========================
a               = -4.0621          +/- 0.002725     (0.06708%)
b               = -4.83729         +/- 0.01403      (0.29%)

correlation matrix of the fit parameters:
                a      b      
a               1.000 
b              -0.987  1.000 


*******************************************************************************
Thu Feb 27 10:02:11 2020


FIT:    data read from "integ.dat" using ($1):($3)
        format = x:z
        x range restricted to [2.00000 : 6.00000]
        #datapoints = 198
        residuals are weighted equally (unit weight)

function used for fitting: f(x)
	f(x) = a*x + b
fitted parameters initialized with current variable values

iter      chisq       delta/lim  lambda   a             b            
   0 2.0063216068e+05   0.00e+00  3.71e+00    1.000000e+00   1.000000e+00
   4 1.9670871364e-01  -1.79e-03  3.71e-04   -4.062100e+00  -4.837291e+00

After 4 iterations the fit converged.
final sum of squares of residuals : 0.196709
rel. change during last iteration : -1.78584e-08

degrees of freedom    (FIT_NDF)                        : 196
rms of residuals      (FIT_STDFIT) = sqrt(WSSR/ndf)    : 0.0316799
variance of residuals (reduced chisquare) = WSSR/ndf   : 0.00100362

Final set of parameters            Asymptotic Standard Error
=======================            ==========================
a               = -4.0621          +/- 0.002725     (0.06708%)
b               = -4.83729         +/- 0.01403      (0.29%)

correlation matrix of the fit parameters:
                a      b      
a               1.000 
b              -0.987  1.000 


*******************************************************************************
Thu Feb 27 10:07:09 2020


FIT:    data read from "integ.dat" using ($1):($3)
        format = x:z
        x range restricted to [2.00000 : 6.00000]
        #datapoints = 99
        residuals are weighted equally (unit weight)

function used for fitting: f(x)
	f(x) = a*x + b
fitted parameters initialized with current variable values

iter      chisq       delta/lim  lambda   a             b            
   0 1.0005276866e+05   0.00e+00  3.70e+00    1.000000e+00   1.000000e+00
   4 1.1898873216e-01  -2.62e-02  3.70e-04   -4.065251e+00  -4.820543e+00

After 4 iterations the fit converged.
final sum of squares of residuals : 0.118989
rel. change during last iteration : -2.62323e-07

degrees of freedom    (FIT_NDF)                        : 97
rms of residuals      (FIT_STDFIT) = sqrt(WSSR/ndf)    : 0.0350241
variance of residuals (reduced chisquare) = WSSR/ndf   : 0.00122669

Final set of parameters            Asymptotic Standard Error
=======================            ==========================
a               = -4.06525         +/- 0.004198     (0.1033%)
b               = -4.82054         +/- 0.02158      (0.4476%)

correlation matrix of the fit parameters:
                a      b      
a               1.000 
b              -0.987  1.000 


*******************************************************************************
Thu Feb 27 10:10:29 2020


FIT:    data read from "integ.dat" using ($1):($3)
        format = x:z
        x range restricted to [2.00000 : 6.00000]
        #datapoints = 99
        residuals are weighted equally (unit weight)

function used for fitting: f(x)
	f(x) = a*x + b
fitted parameters initialized with current variable values

iter      chisq       delta/lim  lambda   a             b            
   0 9.4371984655e+04   0.00e+00  3.70e+00    1.000000e+00   1.000000e+00
   4 1.3068468285e-01  -1.56e-02  3.70e-04   -4.066750e+00  -3.888549e+00

After 4 iterations the fit converged.
final sum of squares of residuals : 0.130685
rel. change during last iteration : -1.55806e-07

degrees of freedom    (FIT_NDF)                        : 97
rms of residuals      (FIT_STDFIT) = sqrt(WSSR/ndf)    : 0.0367051
variance of residuals (reduced chisquare) = WSSR/ndf   : 0.00134726

Final set of parameters            Asymptotic Standard Error
=======================            ==========================
a               = -4.06675         +/- 0.0044       (0.1082%)
b               = -3.88855         +/- 0.02261      (0.5815%)

correlation matrix of the fit parameters:
                a      b      
a               1.000 
b              -0.987  1.000 


*******************************************************************************
Thu Feb 27 10:16:01 2020


FIT:    data read from "integ.dat" using ($1):($3)
        format = x:z
        x range restricted to [2.00000 : 6.00000]
        #datapoints = 99
        residuals are weighted equally (unit weight)

function used for fitting: f(x)
	f(x) = a*x + b
fitted parameters initialized with current variable values

iter      chisq       delta/lim  lambda   a             b            
   0 1.3068468285e-01   0.00e+00  1.50e+01   -4.066750e+00  -3.888549e+00
   1 1.3068468285e-01  -7.22e-10  1.50e+01   -4.066750e+00  -3.888549e+00

After 1 iterations the fit converged.
final sum of squares of residuals : 0.130685
rel. change during last iteration : -7.22112e-15

degrees of freedom    (FIT_NDF)                        : 97
rms of residuals      (FIT_STDFIT) = sqrt(WSSR/ndf)    : 0.0367051
variance of residuals (reduced chisquare) = WSSR/ndf   : 0.00134726

Final set of parameters            Asymptotic Standard Error
=======================            ==========================
a               = -4.06675         +/- 0.0044       (0.1082%)
b               = -3.88855         +/- 0.02261      (0.5815%)

correlation matrix of the fit parameters:
                a      b      
a               1.000 
b              -0.987  1.000 


*******************************************************************************
Thu Feb 27 10:16:01 2020


FIT:    data read from "integ.dat" using ($1):($2)
        format = x:z
        x range restricted to [2.00000 : 5.00000]
        #datapoints = 35
        residuals are weighted equally (unit weight)

function used for fitting: g(x)
	g(x) = c*x + d
fitted parameters initialized with current variable values

iter      chisq       delta/lim  lambda   c             d            
   0 3.8776738503e+04   0.00e+00  3.06e+00    1.000000e+00   1.000000e+00
   4 2.5424686473e-01  -3.59e-03  3.06e-04   -6.219249e+00  -1.971620e+00

After 4 iterations the fit converged.
final sum of squares of residuals : 0.254247
rel. change during last iteration : -3.58513e-08

degrees of freedom    (FIT_NDF)                        : 33
rms of residuals      (FIT_STDFIT) = sqrt(WSSR/ndf)    : 0.087775
variance of residuals (reduced chisquare) = WSSR/ndf   : 0.00770445

Final set of parameters            Asymptotic Standard Error
=======================            ==========================
c               = -6.21925         +/- 0.02077      (0.3339%)
d               = -1.97162         +/- 0.08731      (4.429%)

correlation matrix of the fit parameters:
                c      d      
c               1.000 
d              -0.985  1.000 


*******************************************************************************
Thu Feb 27 10:16:53 2020


FIT:    data read from "integ.dat" using ($1):($3)
        format = x:z
        x range restricted to [2.00000 : 6.00000]
        #datapoints = 99
        residuals are weighted equally (unit weight)

function used for fitting: f(x)
	f(x) = a*x + b
fitted parameters initialized with current variable values

iter      chisq       delta/lim  lambda   a             b            
   0 1.3068468285e-01   0.00e+00  1.50e+01   -4.066750e+00  -3.888549e+00
   1 1.3068468285e-01   0.00e+00  1.50e+03   -4.066750e+00  -3.888549e+00

After 1 iterations the fit converged.
final sum of squares of residuals : 0.130685
rel. change during last iteration : 0

degrees of freedom    (FIT_NDF)                        : 97
rms of residuals      (FIT_STDFIT) = sqrt(WSSR/ndf)    : 0.0367051
variance of residuals (reduced chisquare) = WSSR/ndf   : 0.00134726

Final set of parameters            Asymptotic Standard Error
=======================            ==========================
a               = -4.06675         +/- 0.0044       (0.1082%)
b               = -3.88855         +/- 0.02261      (0.5815%)

correlation matrix of the fit parameters:
                a      b      
a               1.000 
b              -0.987  1.000 


*******************************************************************************
Thu Feb 27 10:16:53 2020


FIT:    data read from "integ.dat" using ($1):($2)
        format = x:z
        x range restricted to [3.00000 : 5.00000]
        #datapoints = 32
        residuals are weighted equally (unit weight)

function used for fitting: g(x)
	g(x) = c*x + d
fitted parameters initialized with current variable values

iter      chisq       delta/lim  lambda   c             d            
   0 1.1219708703e-01   0.00e+00  1.91e+01   -6.219249e+00  -1.971620e+00
   5 2.4443300333e-02  -2.02e-06  1.91e-04   -6.124377e+00  -2.392136e+00

After 5 iterations the fit converged.
final sum of squares of residuals : 0.0244433
rel. change during last iteration : -2.02174e-11

degrees of freedom    (FIT_NDF)                        : 30
rms of residuals      (FIT_STDFIT) = sqrt(WSSR/ndf)    : 0.0285443
variance of residuals (reduced chisquare) = WSSR/ndf   : 0.000814777

Final set of parameters            Asymptotic Standard Error
=======================            ==========================
c               = -6.12438         +/- 0.009442     (0.1542%)
d               = -2.39214         +/- 0.04086      (1.708%)

correlation matrix of the fit parameters:
                c      d      
c               1.000 
d              -0.992  1.000 


*******************************************************************************
Thu Feb 27 10:17:18 2020


FIT:    data read from "integ.dat" using ($1):($3)
        format = x:z
        x range restricted to [2.00000 : 6.00000]
        #datapoints = 99
        residuals are weighted equally (unit weight)

function used for fitting: f(x)
	f(x) = a*x + b
fitted parameters initialized with current variable values

iter      chisq       delta/lim  lambda   a             b            
   0 9.4371984655e+04   0.00e+00  3.70e+00    1.000000e+00   1.000000e+00
   4 1.3068468285e-01  -1.56e-02  3.70e-04   -4.066750e+00  -3.888549e+00

After 4 iterations the fit converged.
final sum of squares of residuals : 0.130685
rel. change during last iteration : -1.55806e-07

degrees of freedom    (FIT_NDF)                        : 97
rms of residuals      (FIT_STDFIT) = sqrt(WSSR/ndf)    : 0.0367051
variance of residuals (reduced chisquare) = WSSR/ndf   : 0.00134726

Final set of parameters            Asymptotic Standard Error
=======================            ==========================
a               = -4.06675         +/- 0.0044       (0.1082%)
b               = -3.88855         +/- 0.02261      (0.5815%)

correlation matrix of the fit parameters:
                a      b      
a               1.000 
b              -0.987  1.000 


*******************************************************************************
Thu Feb 27 10:17:18 2020


FIT:    data read from "integ.dat" using ($1):($2)
        format = x:z
        x range restricted to [2.00000 : 5.00000]
        #datapoints = 35
        residuals are weighted equally (unit weight)

function used for fitting: g(x)
	g(x) = c*x + d
fitted parameters initialized with current variable values

iter      chisq       delta/lim  lambda   c             d            
   0 3.8776738503e+04   0.00e+00  3.06e+00    1.000000e+00   1.000000e+00
   4 2.5424686473e-01  -3.59e-03  3.06e-04   -6.219249e+00  -1.971620e+00

After 4 iterations the fit converged.
final sum of squares of residuals : 0.254247
rel. change during last iteration : -3.58513e-08

degrees of freedom    (FIT_NDF)                        : 33
rms of residuals      (FIT_STDFIT) = sqrt(WSSR/ndf)    : 0.087775
variance of residuals (reduced chisquare) = WSSR/ndf   : 0.00770445

Final set of parameters            Asymptotic Standard Error
=======================            ==========================
c               = -6.21925         +/- 0.02077      (0.3339%)
d               = -1.97162         +/- 0.08731      (4.429%)

correlation matrix of the fit parameters:
                c      d      
c               1.000 
d              -0.985  1.000 


*******************************************************************************
Thu Feb 27 10:18:10 2020


FIT:    data read from "integ.dat" using ($1):($3)
        format = x:z
        x range restricted to [2.00000 : 6.00000]
        #datapoints = 99
        residuals are weighted equally (unit weight)

function used for fitting: f(x)
	f(x) = a*x + b
fitted parameters initialized with current variable values

iter      chisq       delta/lim  lambda   a             b            
   0 1.3068468285e-01   0.00e+00  1.50e+01   -4.066750e+00  -3.888549e+00
   1 1.3068468285e-01  -7.22e-10  1.50e+01   -4.066750e+00  -3.888549e+00

After 1 iterations the fit converged.
final sum of squares of residuals : 0.130685
rel. change during last iteration : -7.22112e-15

degrees of freedom    (FIT_NDF)                        : 97
rms of residuals      (FIT_STDFIT) = sqrt(WSSR/ndf)    : 0.0367051
variance of residuals (reduced chisquare) = WSSR/ndf   : 0.00134726

Final set of parameters            Asymptotic Standard Error
=======================            ==========================
a               = -4.06675         +/- 0.0044       (0.1082%)
b               = -3.88855         +/- 0.02261      (0.5815%)

correlation matrix of the fit parameters:
                a      b      
a               1.000 
b              -0.987  1.000 


*******************************************************************************
Thu Feb 27 10:18:10 2020


FIT:    data read from "integ.dat" using ($1):($2)
        format = x:z
        x range restricted to [2.00000 : 5.00000]
        #datapoints = 35
        residuals are weighted equally (unit weight)

function used for fitting: g(x)
	g(x) = c*x + d
fitted parameters initialized with current variable values

iter      chisq       delta/lim  lambda   c             d            
   0 2.5424686473e-01   0.00e+00  1.85e+01   -6.219249e+00  -1.971620e+00
   1 2.5424686473e-01  -1.53e-09  1.85e+00   -6.219249e+00  -1.971620e+00

After 1 iterations the fit converged.
final sum of squares of residuals : 0.254247
rel. change during last iteration : -1.52835e-14

degrees of freedom    (FIT_NDF)                        : 33
rms of residuals      (FIT_STDFIT) = sqrt(WSSR/ndf)    : 0.087775
variance of residuals (reduced chisquare) = WSSR/ndf   : 0.00770445

Final set of parameters            Asymptotic Standard Error
=======================            ==========================
c               = -6.21925         +/- 0.02077      (0.3339%)
d               = -1.97162         +/- 0.08731      (4.429%)

correlation matrix of the fit parameters:
                c      d      
c               1.000 
d              -0.985  1.000 


*******************************************************************************
Thu Feb 27 10:18:34 2020


FIT:    data read from "integ.dat" using ($1):($3)
        format = x:z
        x range restricted to [2.00000 : 6.00000]
        #datapoints = 99
        residuals are weighted equally (unit weight)

function used for fitting: f(x)
	f(x) = a*x + b
fitted parameters initialized with current variable values

iter      chisq       delta/lim  lambda   a             b            
   0 1.3068468285e-01   0.00e+00  1.50e+01   -4.066750e+00  -3.888549e+00
   1 1.3068468285e-01   0.00e+00  1.50e+03   -4.066750e+00  -3.888549e+00

After 1 iterations the fit converged.
final sum of squares of residuals : 0.130685
rel. change during last iteration : 0

degrees of freedom    (FIT_NDF)                        : 97
rms of residuals      (FIT_STDFIT) = sqrt(WSSR/ndf)    : 0.0367051
variance of residuals (reduced chisquare) = WSSR/ndf   : 0.00134726

Final set of parameters            Asymptotic Standard Error
=======================            ==========================
a               = -4.06675         +/- 0.0044       (0.1082%)
b               = -3.88855         +/- 0.02261      (0.5815%)

correlation matrix of the fit parameters:
                a      b      
a               1.000 
b              -0.987  1.000 


*******************************************************************************
Thu Feb 27 10:18:34 2020


FIT:    data read from "integ.dat" using ($1):($2)
        format = x:z
        x range restricted to [2.00000 : 4.50000]
        #datapoints = 21
        residuals are weighted equally (unit weight)

function used for fitting: g(x)
	g(x) = c*x + d
fitted parameters initialized with current variable values

iter      chisq       delta/lim  lambda   c             d            
   0 2.0997450547e-01   0.00e+00  1.67e+01   -6.219249e+00  -1.971620e+00
   5 1.4886616442e-01  -1.67e-08  1.67e-04   -6.293649e+00  -1.720596e+00

After 5 iterations the fit converged.
final sum of squares of residuals : 0.148866
rel. change during last iteration : -1.67429e-13

degrees of freedom    (FIT_NDF)                        : 19
rms of residuals      (FIT_STDFIT) = sqrt(WSSR/ndf)    : 0.0885159
variance of residuals (reduced chisquare) = WSSR/ndf   : 0.00783506

Final set of parameters            Asymptotic Standard Error
=======================            ==========================
c               = -6.29365         +/- 0.03046      (0.484%)
d               = -1.7206          +/- 0.1151       (6.691%)

correlation matrix of the fit parameters:
                c      d      
c               1.000 
d              -0.986  1.000 


*******************************************************************************
Thu Feb 27 10:18:54 2020


FIT:    data read from "integ.dat" using ($1):($3)
        format = x:z
        x range restricted to [2.00000 : 6.00000]
        #datapoints = 99
        residuals are weighted equally (unit weight)

function used for fitting: f(x)
	f(x) = a*x + b
fitted parameters initialized with current variable values

iter      chisq       delta/lim  lambda   a             b            
   0 1.3068468285e-01   0.00e+00  1.50e+01   -4.066750e+00  -3.888549e+00
   1 1.3068468285e-01   0.00e+00  1.50e+03   -4.066750e+00  -3.888549e+00

After 1 iterations the fit converged.
final sum of squares of residuals : 0.130685
rel. change during last iteration : 0

degrees of freedom    (FIT_NDF)                        : 97
rms of residuals      (FIT_STDFIT) = sqrt(WSSR/ndf)    : 0.0367051
variance of residuals (reduced chisquare) = WSSR/ndf   : 0.00134726

Final set of parameters            Asymptotic Standard Error
=======================            ==========================
a               = -4.06675         +/- 0.0044       (0.1082%)
b               = -3.88855         +/- 0.02261      (0.5815%)

correlation matrix of the fit parameters:
                a      b      
a               1.000 
b              -0.987  1.000 


*******************************************************************************
Thu Feb 27 10:18:54 2020


FIT:    data read from "integ.dat" using ($1):($2)
        format = x:z
        x range restricted to [2.00000 : 5.00000]
        #datapoints = 35
        residuals are weighted equally (unit weight)

function used for fitting: g(x)
	g(x) = c*x + d
fitted parameters initialized with current variable values

iter      chisq       delta/lim  lambda   c             d            
   0 4.6780251932e-01   0.00e+00  1.88e+01   -6.293649e+00  -1.720596e+00
   4 2.5424686473e-01  -9.83e-01  1.88e-03   -6.219249e+00  -1.971620e+00

After 4 iterations the fit converged.
final sum of squares of residuals : 0.254247
rel. change during last iteration : -9.83452e-06

degrees of freedom    (FIT_NDF)                        : 33
rms of residuals      (FIT_STDFIT) = sqrt(WSSR/ndf)    : 0.087775
variance of residuals (reduced chisquare) = WSSR/ndf   : 0.00770445

Final set of parameters            Asymptotic Standard Error
=======================            ==========================
c               = -6.21925         +/- 0.02077      (0.3339%)
d               = -1.97162         +/- 0.08731      (4.429%)

correlation matrix of the fit parameters:
                c      d      
c               1.000 
d              -0.985  1.000 


*******************************************************************************
Thu Feb 27 20:11:43 2020


FIT:    data read from "integ.dat" using ($1):($3)
        format = x:z
        x range restricted to [2.00000 : 6.00000]
        #datapoints = 99
        residuals are weighted equally (unit weight)

function used for fitting: f(x)
	f(x) = a*x + b
fitted parameters initialized with current variable values

iter      chisq       delta/lim  lambda   a             b            
   0 9.4371984655e+04   0.00e+00  3.70e+00    1.000000e+00   1.000000e+00
   4 1.3068468285e-01  -1.56e-02  3.70e-04   -4.066750e+00  -3.888549e+00

After 4 iterations the fit converged.
final sum of squares of residuals : 0.130685
rel. change during last iteration : -1.55806e-07

degrees of freedom    (FIT_NDF)                        : 97
rms of residuals      (FIT_STDFIT) = sqrt(WSSR/ndf)    : 0.0367051
variance of residuals (reduced chisquare) = WSSR/ndf   : 0.00134726

Final set of parameters            Asymptotic Standard Error
=======================            ==========================
a               = -4.06675         +/- 0.0044       (0.1082%)
b               = -3.88855         +/- 0.02261      (0.5815%)

correlation matrix of the fit parameters:
                a      b      
a               1.000 
b              -0.987  1.000 


*******************************************************************************
Thu Feb 27 20:11:43 2020


FIT:    data read from "integ.dat" using ($1):($2)
        format = x:z
        x range restricted to [2.00000 : 5.00000]
        #datapoints = 35
        residuals are weighted equally (unit weight)

function used for fitting: g(x)
	g(x) = c*x + d
fitted parameters initialized with current variable values

iter      chisq       delta/lim  lambda   c             d            
   0 3.8776738503e+04   0.00e+00  3.06e+00    1.000000e+00   1.000000e+00
   4 2.5424686473e-01  -3.59e-03  3.06e-04   -6.219249e+00  -1.971620e+00

After 4 iterations the fit converged.
final sum of squares of residuals : 0.254247
rel. change during last iteration : -3.58513e-08

degrees of freedom    (FIT_NDF)                        : 33
rms of residuals      (FIT_STDFIT) = sqrt(WSSR/ndf)    : 0.087775
variance of residuals (reduced chisquare) = WSSR/ndf   : 0.00770445

Final set of parameters            Asymptotic Standard Error
=======================            ==========================
c               = -6.21925         +/- 0.02077      (0.3339%)
d               = -1.97162         +/- 0.08731      (4.429%)

correlation matrix of the fit parameters:
                c      d      
c               1.000 
d              -0.985  1.000 


*******************************************************************************
Thu Feb 27 21:35:30 2020


FIT:    data read from "integ.dat" using ($1):($3)
        format = x:z
        x range restricted to [2.00000 : 6.00000]
        #datapoints = 99
        residuals are weighted equally (unit weight)

function used for fitting: f(x)
	f(x) = a*x + b
fitted parameters initialized with current variable values

iter      chisq       delta/lim  lambda   a             b            
   0 1.3068468285e-01   0.00e+00  1.50e+01   -4.066750e+00  -3.888549e+00
   1 1.3068468285e-01  -7.22e-10  1.50e+01   -4.066750e+00  -3.888549e+00

After 1 iterations the fit converged.
final sum of squares of residuals : 0.130685
rel. change during last iteration : -7.22112e-15

degrees of freedom    (FIT_NDF)                        : 97
rms of residuals      (FIT_STDFIT) = sqrt(WSSR/ndf)    : 0.0367051
variance of residuals (reduced chisquare) = WSSR/ndf   : 0.00134726

Final set of parameters            Asymptotic Standard Error
=======================            ==========================
a               = -4.06675         +/- 0.0044       (0.1082%)
b               = -3.88855         +/- 0.02261      (0.5815%)

correlation matrix of the fit parameters:
                a      b      
a               1.000 
b              -0.987  1.000 


*******************************************************************************
Thu Feb 27 21:35:30 2020


FIT:    data read from "integ.dat" using ($1):($2)
        format = x:z
        x range restricted to [2.00000 : 5.00000]
        #datapoints = 35
        residuals are weighted equally (unit weight)

function used for fitting: g(x)
	g(x) = c*x + d
fitted parameters initialized with current variable values

iter      chisq       delta/lim  lambda   c             d            
   0 2.5424686473e-01   0.00e+00  1.85e+01   -6.219249e+00  -1.971620e+00
   1 2.5424686473e-01  -1.53e-09  1.85e+00   -6.219249e+00  -1.971620e+00

After 1 iterations the fit converged.
final sum of squares of residuals : 0.254247
rel. change during last iteration : -1.52835e-14

degrees of freedom    (FIT_NDF)                        : 33
rms of residuals      (FIT_STDFIT) = sqrt(WSSR/ndf)    : 0.087775
variance of residuals (reduced chisquare) = WSSR/ndf   : 0.00770445

Final set of parameters            Asymptotic Standard Error
=======================            ==========================
c               = -6.21925         +/- 0.02077      (0.3339%)
d               = -1.97162         +/- 0.08731      (4.429%)

correlation matrix of the fit parameters:
                c      d      
c               1.000 
d              -0.985  1.000 
